<?xml version="1.0" encoding="UTF-8"?>
<!-- Generated by org.testng.reporters.JUnitReportReporter -->
<testsuite hostname="LAPTOP-09UMECHV" failures="0" tests="2" name="testng.annotationsExample2" time="0.011" errors="0" timestamp="05 Apr 2025 16:43:50 GMT" skipped="0">
  <testcase classname="testng.annotationsExample2" name="test4" time="0.002"/>
  <testcase classname="testng.annotationsExample2" name="test3" time="0.009"/>
</testsuite> <!-- testng.annotationsExample2 -->
