<?xml version="1.0" encoding="UTF-8"?>
<!-- Generated by org.testng.reporters.JUnitReportReporter -->
<testsuite hostname="LAPTOP-09UMECHV" failures="0" tests="3" name="Swag_Labs.LoginTest" time="10.162" errors="0" timestamp="07 Jun 2025 17:45:30 GMT" skipped="0">
  <testcase classname="Swag_Labs.LoginTest" name="LoginSuccessTest" time="2.880"/>
  <testcase classname="Swag_Labs.LoginTest" name="LoginFailureTest" time="2.503"/>
  <testcase classname="Swag_Labs.LoginTest" name="LoginLogoutUser" time="4.779"/>
</testsuite> <!-- Swag_Labs.LoginTest -->
