<?xml version="1.0" encoding="UTF-8"?>
<!-- Generated by org.testng.reporters.JUnitReportReporter -->
<testsuite hostname="LAPTOP-09UMECHV" failures="0" tests="2" name="testng.annotations" time="0.004" errors="0" timestamp="05 Apr 2025 15:47:54 GMT" skipped="0">
  <testcase classname="testng.annotations" name="Test1" time="0.003"/>
  <testcase classname="testng.annotations" name="Test2" time="0.001"/>
</testsuite> <!-- testng.annotations -->
