<?xml version="1.0" encoding="UTF-8"?>
<!-- Generated by org.testng.reporters.JUnitReportReporter -->
<testsuite hostname="LAPTOP-09UMECHV" failures="0" tests="3" name="Swag_Labs.LoginTest" time="29.021" errors="0" timestamp="08 Jun 2025 14:01:22 GMT" skipped="0">
  <testcase classname="Swag_Labs.LoginTest" name="LoginSuccessTest" time="4.647"/>
  <testcase classname="Swag_Labs.LoginTest" name="LoginFailureTest" time="20.133"/>
  <testcase classname="Swag_Labs.LoginTest" name="LoginLogoutUser" time="4.241"/>
</testsuite> <!-- Swag_Labs.LoginTest -->
