<?xml version="1.0" encoding="UTF-8"?>
<!-- Generated by org.testng.reporters.JUnitReportReporter -->
<testsuite hostname="LAPTOP-09UMECHV" failures="0" tests="3" name="Swag_Labs.LoginTest" time="14.020" errors="0" timestamp="08 Jun 2025 15:11:35 GMT" skipped="0">
  <testcase classname="Swag_Labs.LoginTest" name="LoginSuccessTest" time="4.769"/>
  <testcase classname="Swag_Labs.LoginTest" name="LoginFailureTest" time="3.912"/>
  <testcase classname="Swag_Labs.LoginTest" name="LoginLogoutUser" time="5.339"/>
</testsuite> <!-- Swag_Labs.LoginTest -->
